[debug] [2025-03-21T16:12:18.425Z] ----------------------------------------------------------------------
[debug] [2025-03-21T16:12:18.430Z] Command:       C:\Program Files\nodejs\node.exe C:\Users\Kaustubh Deshmane\AppData\Roaming\npm\node_modules\firebase-tools\lib\bin\firebase.js init
[debug] [2025-03-21T16:12:18.431Z] CLI Version:   13.35.1
[debug] [2025-03-21T16:12:18.431Z] Platform:      win32
[debug] [2025-03-21T16:12:18.431Z] Node Version:  v22.14.0
[debug] [2025-03-21T16:12:18.432Z] Time:          Fri Mar 21 2025 21:42:18 GMT+0530 (India Standard Time)
[debug] [2025-03-21T16:12:18.432Z] ----------------------------------------------------------------------
[debug] 
[debug] [2025-03-21T16:12:18.443Z] > command requires scopes: ["email","openid","https://www.googleapis.com/auth/cloudplatformprojects.readonly","https://www.googleapis.com/auth/firebase","https://www.googleapis.com/auth/cloud-platform"]
[debug] [2025-03-21T16:12:18.444Z] > authorizing via signed-in user (lightsoul1306@gmail.com)
[info] 
     ######## #### ########  ######## ########     ###     ######  ########
     ##        ##  ##     ## ##       ##     ##  ##   ##  ##       ##
     ######    ##  ########  ######   ########  #########  ######  ######
     ##        ##  ##    ##  ##       ##     ## ##     ##       ## ##
     ##       #### ##     ## ######## ########  ##     ##  ######  ########

You're about to initialize a Firebase project in this directory:

  C:\mern B2\L16\my-app

Before we get started, keep in mind:

  * You are currently outside your home directory

[info] 
=== Project Setup
[info] 
[info] First, let's associate this project directory with a Firebase project.
[info] You can create multiple project aliases by running firebase use --add, 
[info] but for now we'll just set up a default project.
[info] 
[info] i  If you want to create a project in a Google Cloud organization or folder, please use "firebase projects:create" instead, and return to this command when you've created the project. 
[debug] [2025-03-21T16:12:37.972Z] Checked if tokens are valid: true, expires at: 1742576914223
[debug] [2025-03-21T16:12:37.973Z] Checked if tokens are valid: true, expires at: 1742576914223
[debug] [2025-03-21T16:12:37.975Z] >>> [apiv2][query] POST https://cloudresourcemanager.googleapis.com/v1/projects [none]
[debug] [2025-03-21T16:12:37.975Z] >>> [apiv2][body] POST https://cloudresourcemanager.googleapis.com/v1/projects {"projectId":"speetotypo43ee","name":"speetotypo43ee"}
[debug] [2025-03-21T16:12:40.836Z] <<< [apiv2][status] POST https://cloudresourcemanager.googleapis.com/v1/projects 200
[debug] [2025-03-21T16:12:40.836Z] <<< [apiv2][body] POST https://cloudresourcemanager.googleapis.com/v1/projects {"name":"operations/create_project.global.5759690697486538319"}
[debug] [2025-03-21T16:12:40.838Z] Checked if tokens are valid: true, expires at: 1742576914223
[debug] [2025-03-21T16:12:40.838Z] Checked if tokens are valid: true, expires at: 1742576914223
[debug] [2025-03-21T16:12:40.838Z] >>> [apiv2][query] GET https://cloudresourcemanager.googleapis.com/v1/operations/create_project.global.5759690697486538319 [none]
[debug] [2025-03-21T16:12:44.132Z] <<< [apiv2][status] GET https://cloudresourcemanager.googleapis.com/v1/operations/create_project.global.5759690697486538319 200
[debug] [2025-03-21T16:12:44.132Z] <<< [apiv2][body] GET https://cloudresourcemanager.googleapis.com/v1/operations/create_project.global.5759690697486538319 {"name":"operations/create_project.global.5759690697486538319","metadata":{"@type":"type.googleapis.com/google.cloudresourcemanager.v1.ProjectCreationStatus","gettable":true,"ready":true},"done":true,"response":{"@type":"type.googleapis.com/google.cloudresourcemanager.v1.Project","projectNumber":"565274398325","projectId":"speetotypo43ee","lifecycleState":"ACTIVE","name":"speetotypo43ee","createTime":"2025-03-21T16:12:40.583014Z"}}
[debug] [2025-03-21T16:12:44.135Z] Checked if tokens are valid: true, expires at: 1742576914223
[debug] [2025-03-21T16:12:44.135Z] Checked if tokens are valid: true, expires at: 1742576914223
[debug] [2025-03-21T16:12:44.136Z] >>> [apiv2][query] POST https://firebase.googleapis.com/v1beta1/projects/speetotypo43ee:addFirebase [none]
[debug] [2025-03-21T16:12:46.149Z] <<< [apiv2][status] POST https://firebase.googleapis.com/v1beta1/projects/speetotypo43ee:addFirebase 403
[debug] [2025-03-21T16:12:46.150Z] <<< [apiv2][body] POST https://firebase.googleapis.com/v1beta1/projects/speetotypo43ee:addFirebase {"error":{"code":403,"message":"The caller does not have permission","status":"PERMISSION_DENIED"}}
[debug] [2025-03-21T16:12:46.152Z] Request to https://firebase.googleapis.com/v1beta1/projects/speetotypo43ee:addFirebase had HTTP Error: 403, The caller does not have permission
[debug] [2025-03-21T16:12:46.767Z] FirebaseError: Request to https://firebase.googleapis.com/v1beta1/projects/speetotypo43ee:addFirebase had HTTP Error: 403, The caller does not have permission
    at responseToError (C:\Users\Kaustubh Deshmane\AppData\Roaming\npm\node_modules\firebase-tools\lib\responseToError.js:52:12)
    at RetryOperation._fn (C:\Users\Kaustubh Deshmane\AppData\Roaming\npm\node_modules\firebase-tools\lib\apiv2.js:312:77)
    at process.processTicksAndRejections (node:internal/process/task_queues:105:5)
[error] 
[error] Error: Failed to add Firebase to Google Cloud Platform project. See firebase-debug.log for more info.
